27/09/23 15:14:29 - Bayesian optimization will be performed for case 120.0, 80.0, 80.0
27/09/23 15:14:29 - starting index = 1
27/09/23 15:14:29 - Parameter bounds defined {'p0': (0.0006000000000000001, 0.00375), 'p1': (0.0006000000000000001, 0.00375), 'p2': (8.0, 25.0), 'p3': (6666.666666666667, 15000.0), 'p4': (33.333333333333336, 75.0), 'p5': (0.000119084, 0.000476336), 'p6': (832.35, 3329.4)}
27/09/23 15:14:29 - New best error : 0.34520249999999997
27/09/23 15:14:29 - New best target : [99.4778 52.3838 77.8933]
27/09/23 15:14:29 - Parameters registered : [    0.0015         0.0015        13.         10000.
    50.             0.00023817  1664.7       ]
27/09/23 15:14:29 - Target registered : 0.34520249999999997
27/09/23 15:14:29 - ----------------------------------------------------------------------------
27/09/23 15:14:29 - New point added {'p0': 0.0036944674667226535, 'p1': 0.0011016769457122084, 'p2': 11.118009576831103, 'p3': 10590.197675846191, 'p4': 69.62471584695456, 'p5': 0.000320130995990628, 'p6': 2102.620920924977}
27/09/23 15:15:19 - Target [106.201   60.0284  66.7749]; point {'p0': 0.0036944674667226535, 'p1': 0.0011016769457122084, 'p2': 11.118009576831103, 'p3': 10590.197675846191, 'p4': 69.62471584695456, 'p5': 0.000320130995990628, 'p6': 2102.620920924977} written to csv file
27/09/23 15:15:19 - New best error : 0.24964500000000003
27/09/23 15:15:19 - New best target : [106.201   60.0284  66.7749]
27/09/23 15:15:19 - Parameters registered : {'p0': 0.0036944674667226535, 'p1': 0.0011016769457122084, 'p2': 11.118009576831103, 'p3': 10590.197675846191, 'p4': 69.62471584695456, 'p5': 0.000320130995990628, 'p6': 2102.620920924977}
27/09/23 15:15:19 - Target registered : 0.24964500000000003
27/09/23 15:15:19 - ----------------------------------------------------------------------------
27/09/23 15:15:19 - New point added {'p0': 0.0025852471960119, 'p1': 0.0031851363760181436, 'p2': 16.705791421842, 'p3': 10405.810970327026, 'p4': 57.7855202108766, 'p5': 0.00017440054733143501, 'p6': 2859.4914686211546}
27/09/23 15:16:20 - Target [135.597   83.9383  66.8644]; point {'p0': 0.0025852471960119, 'p1': 0.0031851363760181436, 'p2': 16.705791421842, 'p3': 10405.810970327026, 'p4': 57.7855202108766, 'p5': 0.00017440054733143501, 'p6': 2859.4914686211546} written to csv file
27/09/23 15:16:20 - New best error : 0.16419499999999995
27/09/23 15:16:20 - New best target : [135.597   83.9383  66.8644]
27/09/23 15:16:20 - Parameters registered : {'p0': 0.0025852471960119, 'p1': 0.0031851363760181436, 'p2': 16.705791421842, 'p3': 10405.810970327026, 'p4': 57.7855202108766, 'p5': 0.00017440054733143501, 'p6': 2859.4914686211546}
27/09/23 15:16:20 - Target registered : 0.16419499999999995
27/09/23 15:16:20 - ----------------------------------------------------------------------------
27/09/23 15:16:20 - New point added {'p0': 0.001765075321162106, 'p1': 0.0018507978744250414, 'p2': 10.519989098881085, 'p3': 12458.774577950087, 'p4': 44.75439153267239, 'p5': 0.00015440245770448208, 'p6': 2827.0437539291006}
27/09/23 15:17:20 - Target [120.703   73.6375  59.0876]; point {'p0': 0.001765075321162106, 'p1': 0.0018507978744250414, 'p2': 10.519989098881085, 'p3': 12458.774577950087, 'p4': 44.75439153267239, 'p5': 0.00015440245770448208, 'p6': 2827.0437539291006} written to csv file
27/09/23 15:17:20 - Parameters registered : {'p0': 0.001765075321162106, 'p1': 0.0018507978744250414, 'p2': 10.519989098881085, 'p3': 12458.774577950087, 'p4': 44.75439153267239, 'p5': 0.00015440245770448208, 'p6': 2827.0437539291006}
27/09/23 15:17:20 - Target registered : 0.261405
27/09/23 15:17:20 - ----------------------------------------------------------------------------
27/09/23 15:17:20 - New point added {'p0': 0.0025627033839705085, 'p1': 0.0009509503717540003, 'p2': 11.585223733924023, 'p3': 13608.961694534977, 'p4': 46.27277571987517, 'p5': 0.0004484244745760186, 'p6': 2516.0400902456463}
27/09/23 15:18:10 - Target [131.741   76.8956  70.4252]; point {'p0': 0.0025627033839705085, 'p1': 0.0009509503717540003, 'p2': 11.585223733924023, 'p3': 13608.961694534977, 'p4': 46.27277571987517, 'p5': 0.0004484244745760186, 'p6': 2516.0400902456463} written to csv file
27/09/23 15:18:10 - New best error : 0.11968499999999996
27/09/23 15:18:10 - New best target : [131.741   76.8956  70.4252]
27/09/23 15:18:10 - Parameters registered : {'p0': 0.0025627033839705085, 'p1': 0.0009509503717540003, 'p2': 11.585223733924023, 'p3': 13608.961694534977, 'p4': 46.27277571987517, 'p5': 0.0004484244745760186, 'p6': 2516.0400902456463}
27/09/23 15:18:10 - Target registered : 0.11968499999999996
27/09/23 15:18:10 - ----------------------------------------------------------------------------
27/09/23 15:18:10 - New point added {'p0': 0.0021053481728732625, 'p1': 0.0027062401248191415, 'p2': 24.28720811545584, 'p3': 13715.825800835846, 'p4': 56.24897129389177, 'p5': 0.00044870843290495697, 'p6': 2335.7825996641586}
27/09/23 15:19:10 - Target [156.305   91.6043  92.3017]; point {'p0': 0.0021053481728732625, 'p1': 0.0027062401248191415, 'p2': 24.28720811545584, 'p3': 13715.825800835846, 'p4': 56.24897129389177, 'p5': 0.00044870843290495697, 'p6': 2335.7825996641586} written to csv file
27/09/23 15:19:10 - Parameters registered : {'p0': 0.0021053481728732625, 'p1': 0.0027062401248191415, 'p2': 24.28720811545584, 'p3': 13715.825800835846, 'p4': 56.24897129389177, 'p5': 0.00044870843290495697, 'p6': 2335.7825996641586}
27/09/23 15:19:10 - Target registered : 0.3025416666666667
27/09/23 15:19:10 - ----------------------------------------------------------------------------
27/09/23 15:19:10 - New point added {'p0': 0.001049253071480699, 'p1': 0.002272654294094263, 'p2': 8.17596137569371, 'p3': 12322.230297362603, 'p4': 38.34758871978112, 'p5': 0.0004560288459931332, 'p6': 2545.4597024671375}
27/09/23 15:20:00 - Target [89.7613 57.5844 48.5283]; point {'p0': 0.001049253071480699, 'p1': 0.002272654294094263, 'p2': 8.17596137569371, 'p3': 12322.230297362603, 'p4': 38.34758871978112, 'p5': 0.0004560288459931332, 'p6': 2545.4597024671375} written to csv file
27/09/23 15:20:00 - Parameters registered : {'p0': 0.001049253071480699, 'p1': 0.002272654294094263, 'p2': 8.17596137569371, 'p3': 12322.230297362603, 'p4': 38.34758871978112, 'p5': 0.0004560288459931332, 'p6': 2545.4597024671375}
27/09/23 15:20:00 - Target registered : 0.39339625
27/09/23 15:20:00 - ----------------------------------------------------------------------------
27/09/23 15:20:00 - New point added {'p0': 0.0018292795479812529, 'p1': 0.0032960507733090652, 'p2': 22.402565168112638, 'p3': 13412.027179576584, 'p4': 67.69417346348996, 'p5': 0.0004695766778383867, 'p6': 2049.917909469624}
27/09/23 15:20:50 - Target [126.365   73.7507  83.8994]; point {'p0': 0.0018292795479812529, 'p1': 0.0032960507733090652, 'p2': 22.402565168112638, 'p3': 13412.027179576584, 'p4': 67.69417346348996, 'p5': 0.0004695766778383867, 'p6': 2049.917909469624} written to csv file
27/09/23 15:20:50 - New best error : 0.07811625000000007
27/09/23 15:20:50 - New best target : [126.365   73.7507  83.8994]
27/09/23 15:20:50 - Parameters registered : {'p0': 0.0018292795479812529, 'p1': 0.0032960507733090652, 'p2': 22.402565168112638, 'p3': 13412.027179576584, 'p4': 67.69417346348996, 'p5': 0.0004695766778383867, 'p6': 2049.917909469624}
27/09/23 15:20:50 - Target registered : 0.07811625000000007
27/09/23 15:20:50 - ----------------------------------------------------------------------------
27/09/23 15:20:50 - New point added {'p0': 0.001786285601144228, 'p1': 0.0028346515888656243, 'p2': 12.832975320282317, 'p3': 10403.500413043663, 'p4': 48.02413134763866, 'p5': 0.0004680922292431082, 'p6': 2849.046847863721}
27/09/23 15:21:50 - Target [120.836   77.4654  59.7746]; point {'p0': 0.001786285601144228, 'p1': 0.0028346515888656243, 'p2': 12.832975320282317, 'p3': 10403.500413043663, 'p4': 48.02413134763866, 'p5': 0.0004680922292431082, 'p6': 2849.046847863721} written to csv file
27/09/23 15:21:50 - Parameters registered : {'p0': 0.001786285601144228, 'p1': 0.0028346515888656243, 'p2': 12.832975320282317, 'p3': 10403.500413043663, 'p4': 48.02413134763866, 'p5': 0.0004680922292431082, 'p6': 2849.046847863721}
27/09/23 15:21:50 - Target registered : 0.25281750000000003
27/09/23 15:21:50 - ----------------------------------------------------------------------------
27/09/23 15:21:50 - New point added {'p0': 0.0021079949676251326, 'p1': 0.001485414351594787, 'p2': 24.04951924951977, 'p3': 12138.958041896558, 'p4': 39.85317083203214, 'p5': 0.00040392289890202863, 'p6': 2348.7480099766462}
27/09/23 15:22:40 - Target [192.654 106.289 110.51 ]; point {'p0': 0.0021079949676251326, 'p1': 0.001485414351594787, 'p2': 24.04951924951977, 'p3': 12138.958041896558, 'p4': 39.85317083203214, 'p5': 0.00040392289890202863, 'p6': 2348.7480099766462} written to csv file
27/09/23 15:22:40 - Parameters registered : {'p0': 0.0021079949676251326, 'p1': 0.001485414351594787, 'p2': 24.04951924951977, 'p3': 12138.958041896558, 'p4': 39.85317083203214, 'p5': 0.00040392289890202863, 'p6': 2348.7480099766462}
27/09/23 15:22:40 - Target registered : 0.6054499999999999
27/09/23 15:22:40 - ----------------------------------------------------------------------------
27/09/23 15:22:40 - New point added {'p0': 0.0017074605895850293, 'p1': 0.0026829980512698467, 'p2': 9.15467421349395, 'p3': 13419.553724582896, 'p4': 65.82016479522014, 'p5': 0.00029449080814550885, 'p6': 2063.1584061208196}
27/09/23 15:23:40 - Target [80.35   48.5664 52.0226]; point {'p0': 0.0017074605895850293, 'p1': 0.0026829980512698467, 'p2': 9.15467421349395, 'p3': 13419.553724582896, 'p4': 65.82016479522014, 'p5': 0.00029449080814550885, 'p6': 2063.1584061208196} written to csv file
27/09/23 15:23:40 - Parameters registered : {'p0': 0.0017074605895850293, 'p1': 0.0026829980512698467, 'p2': 9.15467421349395, 'p3': 13419.553724582896, 'p4': 65.82016479522014, 'p5': 0.00029449080814550885, 'p6': 2063.1584061208196}
27/09/23 15:23:40 - Target registered : 0.39292
27/09/23 15:23:40 - ----------------------------------------------------------------------------
27/09/23 15:23:41 - New point added {'p0': 0.0027303580728350674, 'p1': 0.002945974542005238, 'p2': 15.147959067904594, 'p3': 13581.909407559357, 'p4': 53.47026696387634, 'p5': 0.00027974740894316433, 'p6': 2507.70569682082}
